<?xml version="1.0" encoding="UTF-8"?>
<testsuite xmlns:xsi="http://www.w3.org/2001/XMLSchema-instance" xsi:noNamespaceSchemaLocation="https://maven.apache.org/surefire/maven-surefire-plugin/xsd/surefire-test-report-3.0.xsd" version="3.0" name="com.thigas.quack.QuackApplicationTests" time="9.696" tests="1" errors="0" skipped="0" failures="0">
  <properties>
    <property name="java.specification.version" value="21"/>
    <property name="sun.cpu.isalist" value="amd64"/>
    <property name="sun.jnu.encoding" value="Cp1252"/>
    <property name="java.class.path" value="I:\Documents\quack\target\test-classes;I:\Documents\quack\target\classes;C:\Users\José Henrique\.m2\repository\org\springframework\boot\spring-boot-starter-actuator\3.3.4\spring-boot-starter-actuator-3.3.4.jar;C:\Users\José Henrique\.m2\repository\org\springframework\boot\spring-boot-starter\3.3.4\spring-boot-starter-3.3.4.jar;C:\Users\José Henrique\.m2\repository\org\springframework\boot\spring-boot-starter-logging\3.3.4\spring-boot-starter-logging-3.3.4.jar;C:\Users\José Henrique\.m2\repository\ch\qos\logback\logback-classic\1.5.8\logback-classic-1.5.8.jar;C:\Users\José Henrique\.m2\repository\ch\qos\logback\logback-core\1.5.8\logback-core-1.5.8.jar;C:\Users\José Henrique\.m2\repository\org\apache\logging\log4j\log4j-to-slf4j\2.23.1\log4j-to-slf4j-2.23.1.jar;C:\Users\José Henrique\.m2\repository\org\apache\logging\log4j\log4j-api\2.23.1\log4j-api-2.23.1.jar;C:\Users\José Henrique\.m2\repository\org\slf4j\jul-to-slf4j\2.0.16\jul-to-slf4j-2.0.16.jar;C:\Users\José Henrique\.m2\repository\jakarta\annotation\jakarta.annotation-api\2.1.1\jakarta.annotation-api-2.1.1.jar;C:\Users\José Henrique\.m2\repository\org\yaml\snakeyaml\2.2\snakeyaml-2.2.jar;C:\Users\José Henrique\.m2\repository\org\springframework\boot\spring-boot-actuator-autoconfigure\3.3.4\spring-boot-actuator-autoconfigure-3.3.4.jar;C:\Users\José Henrique\.m2\repository\org\springframework\boot\spring-boot-actuator\3.3.4\spring-boot-actuator-3.3.4.jar;C:\Users\José Henrique\.m2\repository\com\fasterxml\jackson\datatype\jackson-datatype-jsr310\2.17.2\jackson-datatype-jsr310-2.17.2.jar;C:\Users\José Henrique\.m2\repository\io\micrometer\micrometer-observation\1.13.4\micrometer-observation-1.13.4.jar;C:\Users\José Henrique\.m2\repository\io\micrometer\micrometer-commons\1.13.4\micrometer-commons-1.13.4.jar;C:\Users\José Henrique\.m2\repository\io\micrometer\micrometer-jakarta9\1.13.4\micrometer-jakarta9-1.13.4.jar;C:\Users\José Henrique\.m2\repository\io\micrometer\micrometer-core\1.13.4\micrometer-core-1.13.4.jar;C:\Users\José Henrique\.m2\repository\org\hdrhistogram\HdrHistogram\2.2.2\HdrHistogram-2.2.2.jar;C:\Users\José Henrique\.m2\repository\org\latencyutils\LatencyUtils\2.0.3\LatencyUtils-2.0.3.jar;C:\Users\José Henrique\.m2\repository\org\springframework\boot\spring-boot-starter-data-jpa\3.3.4\spring-boot-starter-data-jpa-3.3.4.jar;C:\Users\José Henrique\.m2\repository\org\springframework\boot\spring-boot-starter-aop\3.3.4\spring-boot-starter-aop-3.3.4.jar;C:\Users\José Henrique\.m2\repository\org\aspectj\aspectjweaver\1.9.22.1\aspectjweaver-1.9.22.1.jar;C:\Users\José Henrique\.m2\repository\org\springframework\boot\spring-boot-starter-jdbc\3.3.4\spring-boot-starter-jdbc-3.3.4.jar;C:\Users\José Henrique\.m2\repository\com\zaxxer\HikariCP\5.1.0\HikariCP-5.1.0.jar;C:\Users\José Henrique\.m2\repository\org\springframework\spring-jdbc\6.1.13\spring-jdbc-6.1.13.jar;C:\Users\José Henrique\.m2\repository\org\hibernate\orm\hibernate-core\6.5.3.Final\hibernate-core-6.5.3.Final.jar;C:\Users\José Henrique\.m2\repository\jakarta\persistence\jakarta.persistence-api\3.1.0\jakarta.persistence-api-3.1.0.jar;C:\Users\José Henrique\.m2\repository\jakarta\transaction\jakarta.transaction-api\2.0.1\jakarta.transaction-api-2.0.1.jar;C:\Users\José Henrique\.m2\repository\org\hibernate\common\hibernate-commons-annotations\6.0.6.Final\hibernate-commons-annotations-6.0.6.Final.jar;C:\Users\José Henrique\.m2\repository\io\smallrye\jandex\3.1.2\jandex-3.1.2.jar;C:\Users\José Henrique\.m2\repository\net\bytebuddy\byte-buddy\1.14.19\byte-buddy-1.14.19.jar;C:\Users\José Henrique\.m2\repository\org\glassfish\jaxb\jaxb-runtime\4.0.5\jaxb-runtime-4.0.5.jar;C:\Users\José Henrique\.m2\repository\org\glassfish\jaxb\jaxb-core\4.0.5\jaxb-core-4.0.5.jar;C:\Users\José Henrique\.m2\repository\org\eclipse\angus\angus-activation\2.0.2\angus-activation-2.0.2.jar;C:\Users\José Henrique\.m2\repository\org\glassfish\jaxb\txw2\4.0.5\txw2-4.0.5.jar;C:\Users\José Henrique\.m2\repository\com\sun\istack\istack-commons-runtime\4.1.2\istack-commons-runtime-4.1.2.jar;C:\Users\José Henrique\.m2\repository\jakarta\inject\jakarta.inject-api\2.0.1\jakarta.inject-api-2.0.1.jar;C:\Users\José Henrique\.m2\repository\org\antlr\antlr4-runtime\4.13.0\antlr4-runtime-4.13.0.jar;C:\Users\José Henrique\.m2\repository\org\springframework\data\spring-data-jpa\3.3.4\spring-data-jpa-3.3.4.jar;C:\Users\José Henrique\.m2\repository\org\springframework\data\spring-data-commons\3.3.4\spring-data-commons-3.3.4.jar;C:\Users\José Henrique\.m2\repository\org\springframework\spring-orm\6.1.13\spring-orm-6.1.13.jar;C:\Users\José Henrique\.m2\repository\org\springframework\spring-context\6.1.13\spring-context-6.1.13.jar;C:\Users\José Henrique\.m2\repository\org\springframework\spring-tx\6.1.13\spring-tx-6.1.13.jar;C:\Users\José Henrique\.m2\repository\org\slf4j\slf4j-api\2.0.16\slf4j-api-2.0.16.jar;C:\Users\José Henrique\.m2\repository\org\springframework\spring-aspects\6.1.13\spring-aspects-6.1.13.jar;C:\Users\José Henrique\.m2\repository\org\springframework\boot\spring-boot-starter-thymeleaf\3.3.4\spring-boot-starter-thymeleaf-3.3.4.jar;C:\Users\José Henrique\.m2\repository\org\thymeleaf\thymeleaf-spring6\3.1.2.RELEASE\thymeleaf-spring6-3.1.2.RELEASE.jar;C:\Users\José Henrique\.m2\repository\org\thymeleaf\thymeleaf\3.1.2.RELEASE\thymeleaf-3.1.2.RELEASE.jar;C:\Users\José Henrique\.m2\repository\org\attoparser\attoparser\2.0.7.RELEASE\attoparser-2.0.7.RELEASE.jar;C:\Users\José Henrique\.m2\repository\org\unbescape\unbescape\1.1.6.RELEASE\unbescape-1.1.6.RELEASE.jar;C:\Users\José Henrique\.m2\repository\org\springframework\boot\spring-boot-starter-web\3.3.4\spring-boot-starter-web-3.3.4.jar;C:\Users\José Henrique\.m2\repository\org\springframework\boot\spring-boot-starter-json\3.3.4\spring-boot-starter-json-3.3.4.jar;C:\Users\José Henrique\.m2\repository\com\fasterxml\jackson\datatype\jackson-datatype-jdk8\2.17.2\jackson-datatype-jdk8-2.17.2.jar;C:\Users\José Henrique\.m2\repository\org\springframework\boot\spring-boot-starter-tomcat\3.3.4\spring-boot-starter-tomcat-3.3.4.jar;C:\Users\José Henrique\.m2\repository\org\apache\tomcat\embed\tomcat-embed-core\10.1.30\tomcat-embed-core-10.1.30.jar;C:\Users\José Henrique\.m2\repository\org\apache\tomcat\embed\tomcat-embed-el\10.1.30\tomcat-embed-el-10.1.30.jar;C:\Users\José Henrique\.m2\repository\org\apache\tomcat\embed\tomcat-embed-websocket\10.1.30\tomcat-embed-websocket-10.1.30.jar;C:\Users\José Henrique\.m2\repository\org\springframework\spring-webmvc\6.1.13\spring-webmvc-6.1.13.jar;C:\Users\José Henrique\.m2\repository\org\springframework\spring-expression\6.1.13\spring-expression-6.1.13.jar;C:\Users\José Henrique\.m2\repository\org\springframework\boot\spring-boot-devtools\3.3.4\spring-boot-devtools-3.3.4.jar;C:\Users\José Henrique\.m2\repository\org\springframework\boot\spring-boot\3.3.4\spring-boot-3.3.4.jar;C:\Users\José Henrique\.m2\repository\org\springframework\boot\spring-boot-autoconfigure\3.3.4\spring-boot-autoconfigure-3.3.4.jar;C:\Users\José Henrique\.m2\repository\org\springframework\boot\spring-boot-docker-compose\3.3.4\spring-boot-docker-compose-3.3.4.jar;C:\Users\José Henrique\.m2\repository\com\fasterxml\jackson\core\jackson-databind\2.17.2\jackson-databind-2.17.2.jar;C:\Users\José Henrique\.m2\repository\com\fasterxml\jackson\core\jackson-annotations\2.17.2\jackson-annotations-2.17.2.jar;C:\Users\José Henrique\.m2\repository\com\fasterxml\jackson\core\jackson-core\2.17.2\jackson-core-2.17.2.jar;C:\Users\José Henrique\.m2\repository\com\fasterxml\jackson\module\jackson-module-parameter-names\2.17.2\jackson-module-parameter-names-2.17.2.jar;C:\Users\José Henrique\.m2\repository\org\postgresql\postgresql\42.7.4\postgresql-42.7.4.jar;C:\Users\José Henrique\.m2\repository\org\checkerframework\checker-qual\3.42.0\checker-qual-3.42.0.jar;C:\Users\José Henrique\.m2\repository\org\projectlombok\lombok\1.18.34\lombok-1.18.34.jar;C:\Users\José Henrique\.m2\repository\org\springframework\boot\spring-boot-starter-test\3.3.4\spring-boot-starter-test-3.3.4.jar;C:\Users\José Henrique\.m2\repository\org\springframework\boot\spring-boot-test\3.3.4\spring-boot-test-3.3.4.jar;C:\Users\José Henrique\.m2\repository\org\springframework\boot\spring-boot-test-autoconfigure\3.3.4\spring-boot-test-autoconfigure-3.3.4.jar;C:\Users\José Henrique\.m2\repository\com\jayway\jsonpath\json-path\2.9.0\json-path-2.9.0.jar;C:\Users\José Henrique\.m2\repository\jakarta\xml\bind\jakarta.xml.bind-api\4.0.2\jakarta.xml.bind-api-4.0.2.jar;C:\Users\José Henrique\.m2\repository\jakarta\activation\jakarta.activation-api\2.1.3\jakarta.activation-api-2.1.3.jar;C:\Users\José Henrique\.m2\repository\net\minidev\json-smart\2.5.1\json-smart-2.5.1.jar;C:\Users\José Henrique\.m2\repository\net\minidev\accessors-smart\2.5.1\accessors-smart-2.5.1.jar;C:\Users\José Henrique\.m2\repository\org\ow2\asm\asm\9.6\asm-9.6.jar;C:\Users\José Henrique\.m2\repository\org\assertj\assertj-core\3.25.3\assertj-core-3.25.3.jar;C:\Users\José Henrique\.m2\repository\org\awaitility\awaitility\4.2.2\awaitility-4.2.2.jar;C:\Users\José Henrique\.m2\repository\org\hamcrest\hamcrest\2.2\hamcrest-2.2.jar;C:\Users\José Henrique\.m2\repository\org\junit\jupiter\junit-jupiter\5.10.3\junit-jupiter-5.10.3.jar;C:\Users\José Henrique\.m2\repository\org\junit\jupiter\junit-jupiter-api\5.10.3\junit-jupiter-api-5.10.3.jar;C:\Users\José Henrique\.m2\repository\org\opentest4j\opentest4j\1.3.0\opentest4j-1.3.0.jar;C:\Users\José Henrique\.m2\repository\org\junit\platform\junit-platform-commons\1.10.3\junit-platform-commons-1.10.3.jar;C:\Users\José Henrique\.m2\repository\org\apiguardian\apiguardian-api\1.1.2\apiguardian-api-1.1.2.jar;C:\Users\José Henrique\.m2\repository\org\junit\jupiter\junit-jupiter-params\5.10.3\junit-jupiter-params-5.10.3.jar;C:\Users\José Henrique\.m2\repository\org\junit\jupiter\junit-jupiter-engine\5.10.3\junit-jupiter-engine-5.10.3.jar;C:\Users\José Henrique\.m2\repository\org\junit\platform\junit-platform-engine\1.10.3\junit-platform-engine-1.10.3.jar;C:\Users\José Henrique\.m2\repository\org\mockito\mockito-core\5.11.0\mockito-core-5.11.0.jar;C:\Users\José Henrique\.m2\repository\net\bytebuddy\byte-buddy-agent\1.14.19\byte-buddy-agent-1.14.19.jar;C:\Users\José Henrique\.m2\repository\org\objenesis\objenesis\3.3\objenesis-3.3.jar;C:\Users\José Henrique\.m2\repository\org\mockito\mockito-junit-jupiter\5.11.0\mockito-junit-jupiter-5.11.0.jar;C:\Users\José Henrique\.m2\repository\org\skyscreamer\jsonassert\1.5.3\jsonassert-1.5.3.jar;C:\Users\José Henrique\.m2\repository\com\vaadin\external\google\android-json\0.0.20131108.vaadin1\android-json-0.0.20131108.vaadin1.jar;C:\Users\José Henrique\.m2\repository\org\springframework\spring-core\6.1.13\spring-core-6.1.13.jar;C:\Users\José Henrique\.m2\repository\org\springframework\spring-jcl\6.1.13\spring-jcl-6.1.13.jar;C:\Users\José Henrique\.m2\repository\org\springframework\spring-test\6.1.13\spring-test-6.1.13.jar;C:\Users\José Henrique\.m2\repository\org\xmlunit\xmlunit-core\2.9.1\xmlunit-core-2.9.1.jar;C:\Users\José Henrique\.m2\repository\org\mapstruct\mapstruct\1.5.5.Final\mapstruct-1.5.5.Final.jar;C:\Users\José Henrique\.m2\repository\org\hibernate\validator\hibernate-validator\8.0.1.Final\hibernate-validator-8.0.1.Final.jar;C:\Users\José Henrique\.m2\repository\jakarta\validation\jakarta.validation-api\3.0.2\jakarta.validation-api-3.0.2.jar;C:\Users\José Henrique\.m2\repository\org\jboss\logging\jboss-logging\3.5.3.Final\jboss-logging-3.5.3.Final.jar;C:\Users\José Henrique\.m2\repository\com\fasterxml\classmate\1.7.0\classmate-1.7.0.jar;C:\Users\José Henrique\.m2\repository\org\glassfish\expressly\expressly\5.0.0\expressly-5.0.0.jar;C:\Users\José Henrique\.m2\repository\jakarta\el\jakarta.el-api\5.0.0\jakarta.el-api-5.0.0.jar;C:\Users\José Henrique\.m2\repository\org\projectlombok\lombok-mapstruct-binding\0.2.0\lombok-mapstruct-binding-0.2.0.jar;C:\Users\José Henrique\.m2\repository\org\springframework\boot\spring-boot-starter-security\3.3.4\spring-boot-starter-security-3.3.4.jar;C:\Users\José Henrique\.m2\repository\org\springframework\spring-aop\6.1.13\spring-aop-6.1.13.jar;C:\Users\José Henrique\.m2\repository\org\springframework\security\spring-security-config\6.3.3\spring-security-config-6.3.3.jar;C:\Users\José Henrique\.m2\repository\org\springframework\security\spring-security-web\6.3.3\spring-security-web-6.3.3.jar;C:\Users\José Henrique\.m2\repository\org\springframework\security\spring-security-test\6.3.3\spring-security-test-6.3.3.jar;C:\Users\José Henrique\.m2\repository\org\springframework\security\spring-security-core\6.3.3\spring-security-core-6.3.3.jar;C:\Users\José Henrique\.m2\repository\com\auth0\java-jwt\4.4.0\java-jwt-4.4.0.jar;C:\Users\José Henrique\.m2\repository\io\jsonwebtoken\jjwt-api\0.11.5\jjwt-api-0.11.5.jar;C:\Users\José Henrique\.m2\repository\org\springframework\security\spring-security-crypto\6.3.3\spring-security-crypto-6.3.3.jar;C:\Users\José Henrique\.m2\repository\io\jsonwebtoken\jjwt-impl\0.11.5\jjwt-impl-0.11.5.jar;C:\Users\José Henrique\.m2\repository\io\jsonwebtoken\jjwt-jackson\0.11.5\jjwt-jackson-0.11.5.jar;C:\Users\José Henrique\.m2\repository\javax\servlet\javax.servlet-api\4.0.1\javax.servlet-api-4.0.1.jar;C:\Users\José Henrique\.m2\repository\org\springframework\spring-web\6.1.12\spring-web-6.1.12.jar;C:\Users\José Henrique\.m2\repository\org\springframework\spring-beans\6.1.13\spring-beans-6.1.13.jar;C:\Users\José Henrique\.m2\repository\com\github\javafaker\javafaker\0.15\javafaker-0.15.jar;C:\Users\José Henrique\.m2\repository\org\apache\commons\commons-lang3\3.14.0\commons-lang3-3.14.0.jar;C:\Users\José Henrique\.m2\repository\org\yaml\snakeyaml\1.20\snakeyaml-1.20-android.jar;C:\Users\José Henrique\.m2\repository\com\github\mifmif\generex\1.0.2\generex-1.0.2.jar;C:\Users\José Henrique\.m2\repository\dk\brics\automaton\automaton\1.11-8\automaton-1.11-8.jar;"/>
    <property name="java.vm.vendor" value="Oracle Corporation"/>
    <property name="sun.arch.data.model" value="64"/>
    <property name="user.variant" value=""/>
    <property name="java.vendor.url" value="https://java.oracle.com/"/>
    <property name="user.timezone" value="America/Bahia"/>
    <property name="org.jboss.logging.provider" value="slf4j"/>
    <property name="os.name" value="Windows 11"/>
    <property name="java.vm.specification.version" value="21"/>
    <property name="sun.java.launcher" value="SUN_STANDARD"/>
    <property name="user.country" value="BR"/>
    <property name="sun.boot.library.path" value="C:\Program Files\Java\jdk-21\bin"/>
    <property name="sun.java.command" value="C:\Users\José Henrique\AppData\Local\Temp\surefire6088831732339195195\surefirebooter-20241003011810156_3.jar C:\Users\José Henrique\AppData\Local\Temp\surefire6088831732339195195 2024-10-03T01-18-10_018-jvmRun1 surefire-20241003011810156_1tmp surefire_0-20241003011810156_2tmp"/>
    <property name="jdk.debug" value="release"/>
    <property name="surefire.test.class.path" value="I:\Documents\quack\target\test-classes;I:\Documents\quack\target\classes;C:\Users\José Henrique\.m2\repository\org\springframework\boot\spring-boot-starter-actuator\3.3.4\spring-boot-starter-actuator-3.3.4.jar;C:\Users\José Henrique\.m2\repository\org\springframework\boot\spring-boot-starter\3.3.4\spring-boot-starter-3.3.4.jar;C:\Users\José Henrique\.m2\repository\org\springframework\boot\spring-boot-starter-logging\3.3.4\spring-boot-starter-logging-3.3.4.jar;C:\Users\José Henrique\.m2\repository\ch\qos\logback\logback-classic\1.5.8\logback-classic-1.5.8.jar;C:\Users\José Henrique\.m2\repository\ch\qos\logback\logback-core\1.5.8\logback-core-1.5.8.jar;C:\Users\José Henrique\.m2\repository\org\apache\logging\log4j\log4j-to-slf4j\2.23.1\log4j-to-slf4j-2.23.1.jar;C:\Users\José Henrique\.m2\repository\org\apache\logging\log4j\log4j-api\2.23.1\log4j-api-2.23.1.jar;C:\Users\José Henrique\.m2\repository\org\slf4j\jul-to-slf4j\2.0.16\jul-to-slf4j-2.0.16.jar;C:\Users\José Henrique\.m2\repository\jakarta\annotation\jakarta.annotation-api\2.1.1\jakarta.annotation-api-2.1.1.jar;C:\Users\José Henrique\.m2\repository\org\yaml\snakeyaml\2.2\snakeyaml-2.2.jar;C:\Users\José Henrique\.m2\repository\org\springframework\boot\spring-boot-actuator-autoconfigure\3.3.4\spring-boot-actuator-autoconfigure-3.3.4.jar;C:\Users\José Henrique\.m2\repository\org\springframework\boot\spring-boot-actuator\3.3.4\spring-boot-actuator-3.3.4.jar;C:\Users\José Henrique\.m2\repository\com\fasterxml\jackson\datatype\jackson-datatype-jsr310\2.17.2\jackson-datatype-jsr310-2.17.2.jar;C:\Users\José Henrique\.m2\repository\io\micrometer\micrometer-observation\1.13.4\micrometer-observation-1.13.4.jar;C:\Users\José Henrique\.m2\repository\io\micrometer\micrometer-commons\1.13.4\micrometer-commons-1.13.4.jar;C:\Users\José Henrique\.m2\repository\io\micrometer\micrometer-jakarta9\1.13.4\micrometer-jakarta9-1.13.4.jar;C:\Users\José Henrique\.m2\repository\io\micrometer\micrometer-core\1.13.4\micrometer-core-1.13.4.jar;C:\Users\José Henrique\.m2\repository\org\hdrhistogram\HdrHistogram\2.2.2\HdrHistogram-2.2.2.jar;C:\Users\José Henrique\.m2\repository\org\latencyutils\LatencyUtils\2.0.3\LatencyUtils-2.0.3.jar;C:\Users\José Henrique\.m2\repository\org\springframework\boot\spring-boot-starter-data-jpa\3.3.4\spring-boot-starter-data-jpa-3.3.4.jar;C:\Users\José Henrique\.m2\repository\org\springframework\boot\spring-boot-starter-aop\3.3.4\spring-boot-starter-aop-3.3.4.jar;C:\Users\José Henrique\.m2\repository\org\aspectj\aspectjweaver\1.9.22.1\aspectjweaver-1.9.22.1.jar;C:\Users\José Henrique\.m2\repository\org\springframework\boot\spring-boot-starter-jdbc\3.3.4\spring-boot-starter-jdbc-3.3.4.jar;C:\Users\José Henrique\.m2\repository\com\zaxxer\HikariCP\5.1.0\HikariCP-5.1.0.jar;C:\Users\José Henrique\.m2\repository\org\springframework\spring-jdbc\6.1.13\spring-jdbc-6.1.13.jar;C:\Users\José Henrique\.m2\repository\org\hibernate\orm\hibernate-core\6.5.3.Final\hibernate-core-6.5.3.Final.jar;C:\Users\José Henrique\.m2\repository\jakarta\persistence\jakarta.persistence-api\3.1.0\jakarta.persistence-api-3.1.0.jar;C:\Users\José Henrique\.m2\repository\jakarta\transaction\jakarta.transaction-api\2.0.1\jakarta.transaction-api-2.0.1.jar;C:\Users\José Henrique\.m2\repository\org\hibernate\common\hibernate-commons-annotations\6.0.6.Final\hibernate-commons-annotations-6.0.6.Final.jar;C:\Users\José Henrique\.m2\repository\io\smallrye\jandex\3.1.2\jandex-3.1.2.jar;C:\Users\José Henrique\.m2\repository\net\bytebuddy\byte-buddy\1.14.19\byte-buddy-1.14.19.jar;C:\Users\José Henrique\.m2\repository\org\glassfish\jaxb\jaxb-runtime\4.0.5\jaxb-runtime-4.0.5.jar;C:\Users\José Henrique\.m2\repository\org\glassfish\jaxb\jaxb-core\4.0.5\jaxb-core-4.0.5.jar;C:\Users\José Henrique\.m2\repository\org\eclipse\angus\angus-activation\2.0.2\angus-activation-2.0.2.jar;C:\Users\José Henrique\.m2\repository\org\glassfish\jaxb\txw2\4.0.5\txw2-4.0.5.jar;C:\Users\José Henrique\.m2\repository\com\sun\istack\istack-commons-runtime\4.1.2\istack-commons-runtime-4.1.2.jar;C:\Users\José Henrique\.m2\repository\jakarta\inject\jakarta.inject-api\2.0.1\jakarta.inject-api-2.0.1.jar;C:\Users\José Henrique\.m2\repository\org\antlr\antlr4-runtime\4.13.0\antlr4-runtime-4.13.0.jar;C:\Users\José Henrique\.m2\repository\org\springframework\data\spring-data-jpa\3.3.4\spring-data-jpa-3.3.4.jar;C:\Users\José Henrique\.m2\repository\org\springframework\data\spring-data-commons\3.3.4\spring-data-commons-3.3.4.jar;C:\Users\José Henrique\.m2\repository\org\springframework\spring-orm\6.1.13\spring-orm-6.1.13.jar;C:\Users\José Henrique\.m2\repository\org\springframework\spring-context\6.1.13\spring-context-6.1.13.jar;C:\Users\José Henrique\.m2\repository\org\springframework\spring-tx\6.1.13\spring-tx-6.1.13.jar;C:\Users\José Henrique\.m2\repository\org\slf4j\slf4j-api\2.0.16\slf4j-api-2.0.16.jar;C:\Users\José Henrique\.m2\repository\org\springframework\spring-aspects\6.1.13\spring-aspects-6.1.13.jar;C:\Users\José Henrique\.m2\repository\org\springframework\boot\spring-boot-starter-thymeleaf\3.3.4\spring-boot-starter-thymeleaf-3.3.4.jar;C:\Users\José Henrique\.m2\repository\org\thymeleaf\thymeleaf-spring6\3.1.2.RELEASE\thymeleaf-spring6-3.1.2.RELEASE.jar;C:\Users\José Henrique\.m2\repository\org\thymeleaf\thymeleaf\3.1.2.RELEASE\thymeleaf-3.1.2.RELEASE.jar;C:\Users\José Henrique\.m2\repository\org\attoparser\attoparser\2.0.7.RELEASE\attoparser-2.0.7.RELEASE.jar;C:\Users\José Henrique\.m2\repository\org\unbescape\unbescape\1.1.6.RELEASE\unbescape-1.1.6.RELEASE.jar;C:\Users\José Henrique\.m2\repository\org\springframework\boot\spring-boot-starter-web\3.3.4\spring-boot-starter-web-3.3.4.jar;C:\Users\José Henrique\.m2\repository\org\springframework\boot\spring-boot-starter-json\3.3.4\spring-boot-starter-json-3.3.4.jar;C:\Users\José Henrique\.m2\repository\com\fasterxml\jackson\datatype\jackson-datatype-jdk8\2.17.2\jackson-datatype-jdk8-2.17.2.jar;C:\Users\José Henrique\.m2\repository\org\springframework\boot\spring-boot-starter-tomcat\3.3.4\spring-boot-starter-tomcat-3.3.4.jar;C:\Users\José Henrique\.m2\repository\org\apache\tomcat\embed\tomcat-embed-core\10.1.30\tomcat-embed-core-10.1.30.jar;C:\Users\José Henrique\.m2\repository\org\apache\tomcat\embed\tomcat-embed-el\10.1.30\tomcat-embed-el-10.1.30.jar;C:\Users\José Henrique\.m2\repository\org\apache\tomcat\embed\tomcat-embed-websocket\10.1.30\tomcat-embed-websocket-10.1.30.jar;C:\Users\José Henrique\.m2\repository\org\springframework\spring-webmvc\6.1.13\spring-webmvc-6.1.13.jar;C:\Users\José Henrique\.m2\repository\org\springframework\spring-expression\6.1.13\spring-expression-6.1.13.jar;C:\Users\José Henrique\.m2\repository\org\springframework\boot\spring-boot-devtools\3.3.4\spring-boot-devtools-3.3.4.jar;C:\Users\José Henrique\.m2\repository\org\springframework\boot\spring-boot\3.3.4\spring-boot-3.3.4.jar;C:\Users\José Henrique\.m2\repository\org\springframework\boot\spring-boot-autoconfigure\3.3.4\spring-boot-autoconfigure-3.3.4.jar;C:\Users\José Henrique\.m2\repository\org\springframework\boot\spring-boot-docker-compose\3.3.4\spring-boot-docker-compose-3.3.4.jar;C:\Users\José Henrique\.m2\repository\com\fasterxml\jackson\core\jackson-databind\2.17.2\jackson-databind-2.17.2.jar;C:\Users\José Henrique\.m2\repository\com\fasterxml\jackson\core\jackson-annotations\2.17.2\jackson-annotations-2.17.2.jar;C:\Users\José Henrique\.m2\repository\com\fasterxml\jackson\core\jackson-core\2.17.2\jackson-core-2.17.2.jar;C:\Users\José Henrique\.m2\repository\com\fasterxml\jackson\module\jackson-module-parameter-names\2.17.2\jackson-module-parameter-names-2.17.2.jar;C:\Users\José Henrique\.m2\repository\org\postgresql\postgresql\42.7.4\postgresql-42.7.4.jar;C:\Users\José Henrique\.m2\repository\org\checkerframework\checker-qual\3.42.0\checker-qual-3.42.0.jar;C:\Users\José Henrique\.m2\repository\org\projectlombok\lombok\1.18.34\lombok-1.18.34.jar;C:\Users\José Henrique\.m2\repository\org\springframework\boot\spring-boot-starter-test\3.3.4\spring-boot-starter-test-3.3.4.jar;C:\Users\José Henrique\.m2\repository\org\springframework\boot\spring-boot-test\3.3.4\spring-boot-test-3.3.4.jar;C:\Users\José Henrique\.m2\repository\org\springframework\boot\spring-boot-test-autoconfigure\3.3.4\spring-boot-test-autoconfigure-3.3.4.jar;C:\Users\José Henrique\.m2\repository\com\jayway\jsonpath\json-path\2.9.0\json-path-2.9.0.jar;C:\Users\José Henrique\.m2\repository\jakarta\xml\bind\jakarta.xml.bind-api\4.0.2\jakarta.xml.bind-api-4.0.2.jar;C:\Users\José Henrique\.m2\repository\jakarta\activation\jakarta.activation-api\2.1.3\jakarta.activation-api-2.1.3.jar;C:\Users\José Henrique\.m2\repository\net\minidev\json-smart\2.5.1\json-smart-2.5.1.jar;C:\Users\José Henrique\.m2\repository\net\minidev\accessors-smart\2.5.1\accessors-smart-2.5.1.jar;C:\Users\José Henrique\.m2\repository\org\ow2\asm\asm\9.6\asm-9.6.jar;C:\Users\José Henrique\.m2\repository\org\assertj\assertj-core\3.25.3\assertj-core-3.25.3.jar;C:\Users\José Henrique\.m2\repository\org\awaitility\awaitility\4.2.2\awaitility-4.2.2.jar;C:\Users\José Henrique\.m2\repository\org\hamcrest\hamcrest\2.2\hamcrest-2.2.jar;C:\Users\José Henrique\.m2\repository\org\junit\jupiter\junit-jupiter\5.10.3\junit-jupiter-5.10.3.jar;C:\Users\José Henrique\.m2\repository\org\junit\jupiter\junit-jupiter-api\5.10.3\junit-jupiter-api-5.10.3.jar;C:\Users\José Henrique\.m2\repository\org\opentest4j\opentest4j\1.3.0\opentest4j-1.3.0.jar;C:\Users\José Henrique\.m2\repository\org\junit\platform\junit-platform-commons\1.10.3\junit-platform-commons-1.10.3.jar;C:\Users\José Henrique\.m2\repository\org\apiguardian\apiguardian-api\1.1.2\apiguardian-api-1.1.2.jar;C:\Users\José Henrique\.m2\repository\org\junit\jupiter\junit-jupiter-params\5.10.3\junit-jupiter-params-5.10.3.jar;C:\Users\José Henrique\.m2\repository\org\junit\jupiter\junit-jupiter-engine\5.10.3\junit-jupiter-engine-5.10.3.jar;C:\Users\José Henrique\.m2\repository\org\junit\platform\junit-platform-engine\1.10.3\junit-platform-engine-1.10.3.jar;C:\Users\José Henrique\.m2\repository\org\mockito\mockito-core\5.11.0\mockito-core-5.11.0.jar;C:\Users\José Henrique\.m2\repository\net\bytebuddy\byte-buddy-agent\1.14.19\byte-buddy-agent-1.14.19.jar;C:\Users\José Henrique\.m2\repository\org\objenesis\objenesis\3.3\objenesis-3.3.jar;C:\Users\José Henrique\.m2\repository\org\mockito\mockito-junit-jupiter\5.11.0\mockito-junit-jupiter-5.11.0.jar;C:\Users\José Henrique\.m2\repository\org\skyscreamer\jsonassert\1.5.3\jsonassert-1.5.3.jar;C:\Users\José Henrique\.m2\repository\com\vaadin\external\google\android-json\0.0.20131108.vaadin1\android-json-0.0.20131108.vaadin1.jar;C:\Users\José Henrique\.m2\repository\org\springframework\spring-core\6.1.13\spring-core-6.1.13.jar;C:\Users\José Henrique\.m2\repository\org\springframework\spring-jcl\6.1.13\spring-jcl-6.1.13.jar;C:\Users\José Henrique\.m2\repository\org\springframework\spring-test\6.1.13\spring-test-6.1.13.jar;C:\Users\José Henrique\.m2\repository\org\xmlunit\xmlunit-core\2.9.1\xmlunit-core-2.9.1.jar;C:\Users\José Henrique\.m2\repository\org\mapstruct\mapstruct\1.5.5.Final\mapstruct-1.5.5.Final.jar;C:\Users\José Henrique\.m2\repository\org\hibernate\validator\hibernate-validator\8.0.1.Final\hibernate-validator-8.0.1.Final.jar;C:\Users\José Henrique\.m2\repository\jakarta\validation\jakarta.validation-api\3.0.2\jakarta.validation-api-3.0.2.jar;C:\Users\José Henrique\.m2\repository\org\jboss\logging\jboss-logging\3.5.3.Final\jboss-logging-3.5.3.Final.jar;C:\Users\José Henrique\.m2\repository\com\fasterxml\classmate\1.7.0\classmate-1.7.0.jar;C:\Users\José Henrique\.m2\repository\org\glassfish\expressly\expressly\5.0.0\expressly-5.0.0.jar;C:\Users\José Henrique\.m2\repository\jakarta\el\jakarta.el-api\5.0.0\jakarta.el-api-5.0.0.jar;C:\Users\José Henrique\.m2\repository\org\projectlombok\lombok-mapstruct-binding\0.2.0\lombok-mapstruct-binding-0.2.0.jar;C:\Users\José Henrique\.m2\repository\org\springframework\boot\spring-boot-starter-security\3.3.4\spring-boot-starter-security-3.3.4.jar;C:\Users\José Henrique\.m2\repository\org\springframework\spring-aop\6.1.13\spring-aop-6.1.13.jar;C:\Users\José Henrique\.m2\repository\org\springframework\security\spring-security-config\6.3.3\spring-security-config-6.3.3.jar;C:\Users\José Henrique\.m2\repository\org\springframework\security\spring-security-web\6.3.3\spring-security-web-6.3.3.jar;C:\Users\José Henrique\.m2\repository\org\springframework\security\spring-security-test\6.3.3\spring-security-test-6.3.3.jar;C:\Users\José Henrique\.m2\repository\org\springframework\security\spring-security-core\6.3.3\spring-security-core-6.3.3.jar;C:\Users\José Henrique\.m2\repository\com\auth0\java-jwt\4.4.0\java-jwt-4.4.0.jar;C:\Users\José Henrique\.m2\repository\io\jsonwebtoken\jjwt-api\0.11.5\jjwt-api-0.11.5.jar;C:\Users\José Henrique\.m2\repository\org\springframework\security\spring-security-crypto\6.3.3\spring-security-crypto-6.3.3.jar;C:\Users\José Henrique\.m2\repository\io\jsonwebtoken\jjwt-impl\0.11.5\jjwt-impl-0.11.5.jar;C:\Users\José Henrique\.m2\repository\io\jsonwebtoken\jjwt-jackson\0.11.5\jjwt-jackson-0.11.5.jar;C:\Users\José Henrique\.m2\repository\javax\servlet\javax.servlet-api\4.0.1\javax.servlet-api-4.0.1.jar;C:\Users\José Henrique\.m2\repository\org\springframework\spring-web\6.1.12\spring-web-6.1.12.jar;C:\Users\José Henrique\.m2\repository\org\springframework\spring-beans\6.1.13\spring-beans-6.1.13.jar;C:\Users\José Henrique\.m2\repository\com\github\javafaker\javafaker\0.15\javafaker-0.15.jar;C:\Users\José Henrique\.m2\repository\org\apache\commons\commons-lang3\3.14.0\commons-lang3-3.14.0.jar;C:\Users\José Henrique\.m2\repository\org\yaml\snakeyaml\1.20\snakeyaml-1.20-android.jar;C:\Users\José Henrique\.m2\repository\com\github\mifmif\generex\1.0.2\generex-1.0.2.jar;C:\Users\José Henrique\.m2\repository\dk\brics\automaton\automaton\1.11-8\automaton-1.11-8.jar;"/>
    <property name="sun.cpu.endian" value="little"/>
    <property name="user.home" value="C:\Users\José Henrique"/>
    <property name="user.language" value="pt"/>
    <property name="java.specification.vendor" value="Oracle Corporation"/>
    <property name="java.version.date" value="2024-07-16"/>
    <property name="java.home" value="C:\Program Files\Java\jdk-21"/>
    <property name="file.separator" value="\"/>
    <property name="basedir" value="I:\Documents\quack"/>
    <property name="java.vm.compressedOopsMode" value="Zero based"/>
    <property name="line.separator" value="&#10;"/>
    <property name="java.vm.specification.vendor" value="Oracle Corporation"/>
    <property name="java.specification.name" value="Java Platform API Specification"/>
    <property name="FILE_LOG_CHARSET" value="UTF-8"/>
    <property name="java.awt.headless" value="true"/>
    <property name="surefire.real.class.path" value="C:\Users\José Henrique\AppData\Local\Temp\surefire6088831732339195195\surefirebooter-20241003011810156_3.jar"/>
    <property name="user.script" value=""/>
    <property name="sun.management.compiler" value="HotSpot 64-Bit Tiered Compilers"/>
    <property name="java.runtime.version" value="21.0.4+8-LTS-274"/>
    <property name="user.name" value="José Henrique"/>
    <property name="stdout.encoding" value="Cp1252"/>
    <property name="path.separator" value=";"/>
    <property name="os.version" value="10.0"/>
    <property name="java.runtime.name" value="Java(TM) SE Runtime Environment"/>
    <property name="file.encoding" value="UTF-8"/>
    <property name="java.vm.name" value="Java HotSpot(TM) 64-Bit Server VM"/>
    <property name="localRepository" value="C:\Users\José Henrique\.m2\repository"/>
    <property name="java.vendor.url.bug" value="https://bugreport.java.com/bugreport/"/>
    <property name="java.io.tmpdir" value="C:\Users\JOSHEN~1\AppData\Local\Temp\"/>
    <property name="com.zaxxer.hikari.pool_number" value="1"/>
    <property name="java.version" value="21.0.4"/>
    <property name="user.dir" value="I:\Documents\quack"/>
    <property name="os.arch" value="amd64"/>
    <property name="java.vm.specification.name" value="Java Virtual Machine Specification"/>
    <property name="PID" value="24608"/>
    <property name="sun.os.patch.level" value=""/>
    <property name="CONSOLE_LOG_CHARSET" value="UTF-8"/>
    <property name="native.encoding" value="Cp1252"/>
    <property name="java.library.path" value="C:\Program Files\Java\jdk-21\bin;C:\WINDOWS\Sun\Java\bin;C:\WINDOWS\system32;C:\WINDOWS;C:\WINDOWS\system32;C:\WINDOWS;C:\WINDOWS\System32\Wbem;C:\WINDOWS\System32\WindowsPowerShell\v1.0\;C:\WINDOWS\System32\OpenSSH\;C:\Program Files\Git\cmd;C:\Program Files\dotnet\;C:\Program Files\Microsoft SQL Server\150\Tools\Binn\;C:\Program Files\Microsoft SQL Server\Client SDK\ODBC\170\Tools\Binn\;C:\Program Files\nodejs\;C:\Program Files\apache-maven-3.9.9\bin;C:\Program Files\anaconda3\condabin;C:\Program Files\Java\jdk-21\bin;C:\Program Files\PostgreSQL\16\bin;;C:\Program Files\Docker\Docker\resources\bin;C:\Users\José Henrique\AppData\Local\Microsoft\WindowsApps;C:\Users\José Henrique\AppData\Local\Programs\Microsoft VS Code\bin;C:\Users\José Henrique\.dotnet\tools;C:\Users\José Henrique\anaconda3;C:\Users\José Henrique\anaconda3\Scripts;C:\Users\José Henrique\anaconda3\Library\bin;C:\Users\José Henrique\AppData\Local\GitHubDesktop\bin;C:\Users\José Henrique\AppData\Roaming\npm;C:\Program Files\JetBrains\IntelliJ IDEA Community Edition 2024.2.1\bin;;."/>
    <property name="java.vm.info" value="mixed mode, sharing"/>
    <property name="stderr.encoding" value="Cp1252"/>
    <property name="java.vendor" value="Oracle Corporation"/>
    <property name="java.vm.version" value="21.0.4+8-LTS-274"/>
    <property name="sun.io.unicode.encoding" value="UnicodeLittle"/>
    <property name="java.class.version" value="65.0"/>
    <property name="LOGGED_APPLICATION_NAME" value="[quack] "/>
  </properties>
  <testcase name="contextLoads" classname="com.thigas.quack.QuackApplicationTests" time="0.489">
    <system-out><![CDATA[01:18:11.242 [main] INFO org.springframework.test.context.support.AnnotationConfigContextLoaderUtils -- Could not detect default configuration classes for test class [com.thigas.quack.QuackApplicationTests]: QuackApplicationTests does not declare any static, non-private, non-final, nested classes annotated with @Configuration.
01:18:11.373 [main] INFO org.springframework.boot.test.context.SpringBootTestContextBootstrapper -- Found @SpringBootConfiguration com.thigas.quack.QuackApplication for test class com.thigas.quack.QuackApplicationTests
01:18:11.597 [main] INFO org.springframework.boot.devtools.restart.RestartApplicationListener -- Restart disabled due to context in which it is running

  .   ____          _            __ _ _
 /\\ / ___'_ __ _ _(_)_ __  __ _ \ \ \ \
( ( )\___ | '_ | '_| | '_ \/ _` | \ \ \ \
 \\/  ___)| |_)| | | | | || (_| |  ) ) ) )
  '  |____| .__|_| |_|_| |_\__, | / / / /
 =========|_|==============|___/=/_/_/_/

 :: Spring Boot ::                (v3.3.4)

2024-10-03T01:18:11.915-03:00  INFO 24608 --- [quack] [           main] com.thigas.quack.QuackApplicationTests   : Starting QuackApplicationTests using Java 21.0.4 with PID 24608 (started by José Henrique in I:\Documents\quack)
2024-10-03T01:18:11.917-03:00  INFO 24608 --- [quack] [           main] com.thigas.quack.QuackApplicationTests   : No active profile set, falling back to 1 default profile: "default"
2024-10-03T01:18:13.340-03:00  INFO 24608 --- [quack] [           main] .s.d.r.c.RepositoryConfigurationDelegate : Bootstrapping Spring Data JPA repositories in DEFAULT mode.
2024-10-03T01:18:13.486-03:00  INFO 24608 --- [quack] [           main] .s.d.r.c.RepositoryConfigurationDelegate : Finished Spring Data repository scanning in 136 ms. Found 11 JPA repository interfaces.
2024-10-03T01:18:14.428-03:00  INFO 24608 --- [quack] [           main] o.hibernate.jpa.internal.util.LogHelper  : HHH000204: Processing PersistenceUnitInfo [name: default]
2024-10-03T01:18:14.519-03:00  INFO 24608 --- [quack] [           main] org.hibernate.Version                    : HHH000412: Hibernate ORM core version 6.5.3.Final
2024-10-03T01:18:14.564-03:00  INFO 24608 --- [quack] [           main] o.h.c.internal.RegionFactoryInitiator    : HHH000026: Second-level cache disabled
2024-10-03T01:18:14.939-03:00  INFO 24608 --- [quack] [           main] o.s.o.j.p.SpringPersistenceUnitInfo      : No LoadTimeWeaver setup: ignoring JPA class transformer
2024-10-03T01:18:14.971-03:00  INFO 24608 --- [quack] [           main] com.zaxxer.hikari.HikariDataSource       : HikariPool-1 - Starting...
2024-10-03T01:18:15.208-03:00  INFO 24608 --- [quack] [           main] com.zaxxer.hikari.pool.HikariPool        : HikariPool-1 - Added connection org.postgresql.jdbc.PgConnection@38968752
2024-10-03T01:18:15.210-03:00  INFO 24608 --- [quack] [           main] com.zaxxer.hikari.HikariDataSource       : HikariPool-1 - Start completed.
2024-10-03T01:18:15.244-03:00  WARN 24608 --- [quack] [           main] org.hibernate.orm.deprecation            : HHH90000025: PostgreSQLDialect does not need to be specified explicitly using 'hibernate.dialect' (remove the property setting and it will be selected by default)
2024-10-03T01:18:16.510-03:00  INFO 24608 --- [quack] [           main] o.h.e.t.j.p.i.JtaPlatformInitiator       : HHH000489: No JTA platform available (set 'hibernate.transaction.jta.platform' to enable JTA platform integration)
2024-10-03T01:18:16.583-03:00 DEBUG 24608 --- [quack] [           main] org.hibernate.SQL                        : 
    alter table if exists user_achievement 
       alter column earned_at set data type TIMESTAMP WITH TIME ZONE
Hibernate: 
    alter table if exists user_achievement 
       alter column earned_at set data type TIMESTAMP WITH TIME ZONE
2024-10-03T01:18:16.816-03:00  INFO 24608 --- [quack] [           main] j.LocalContainerEntityManagerFactoryBean : Initialized JPA EntityManagerFactory for persistence unit 'default'
2024-10-03T01:18:18.322-03:00  WARN 24608 --- [quack] [           main] JpaBaseConfiguration$JpaWebConfiguration : spring.jpa.open-in-view is enabled by default. Therefore, database queries may be performed during view rendering. Explicitly configure spring.jpa.open-in-view to disable this warning
2024-10-03T01:18:18.366-03:00  INFO 24608 --- [quack] [           main] r$InitializeUserDetailsManagerConfigurer : Global AuthenticationManager configured with UserDetailsService bean with name customUserDetailsService
2024-10-03T01:18:18.561-03:00  INFO 24608 --- [quack] [           main] o.s.b.a.w.s.WelcomePageHandlerMapping    : Adding welcome page template: index
2024-10-03T01:18:19.064-03:00  INFO 24608 --- [quack] [           main] o.s.b.a.e.web.EndpointLinksResolver      : Exposing 1 endpoint beneath base path '/actuator'
2024-10-03T01:18:19.830-03:00  INFO 24608 --- [quack] [           main] com.thigas.quack.QuackApplicationTests   : Started QuackApplicationTests in 8.259 seconds (process running for 9.546)
2024-10-03T01:18:20.014-03:00 DEBUG 24608 --- [quack] [           main] org.hibernate.SQL                        : 
    insert 
    into
        app_user
        (born_at, cpf, email, image_path, name, password, phone, points, register_at, status, username) 
    values
        (?, ?, ?, ?, ?, ?, ?, ?, ?, ?, ?) 
    returning id
Hibernate: 
    insert 
    into
        app_user
        (born_at, cpf, email, image_path, name, password, phone, points, register_at, status, username) 
    values
        (?, ?, ?, ?, ?, ?, ?, ?, ?, ?, ?) 
    returning id
2024-10-03T01:18:20.073-03:00 DEBUG 24608 --- [quack] [           main] org.hibernate.SQL                        : 
    insert 
    into
        app_user
        (born_at, cpf, email, image_path, name, password, phone, points, register_at, status, username) 
    values
        (?, ?, ?, ?, ?, ?, ?, ?, ?, ?, ?) 
    returning id
Hibernate: 
    insert 
    into
        app_user
        (born_at, cpf, email, image_path, name, password, phone, points, register_at, status, username) 
    values
        (?, ?, ?, ?, ?, ?, ?, ?, ?, ?, ?) 
    returning id
2024-10-03T01:18:20.078-03:00 DEBUG 24608 --- [quack] [           main] org.hibernate.SQL                        : 
    insert 
    into
        roadmap
        (description, image_path, status, title) 
    values
        (?, ?, ?, ?) 
    returning id
Hibernate: 
    insert 
    into
        roadmap
        (description, image_path, status, title) 
    values
        (?, ?, ?, ?) 
    returning id
2024-10-03T01:18:20.082-03:00 DEBUG 24608 --- [quack] [           main] org.hibernate.SQL                        : 
    insert 
    into
        roadmap
        (description, image_path, status, title) 
    values
        (?, ?, ?, ?) 
    returning id
Hibernate: 
    insert 
    into
        roadmap
        (description, image_path, status, title) 
    values
        (?, ?, ?, ?) 
    returning id
2024-10-03T01:18:20.088-03:00 DEBUG 24608 --- [quack] [           main] org.hibernate.SQL                        : 
    insert 
    into
        lesson
        (description, image_path, language, title) 
    values
        (?, ?, ?, ?) 
    returning id
Hibernate: 
    insert 
    into
        lesson
        (description, image_path, language, title) 
    values
        (?, ?, ?, ?) 
    returning id
2024-10-03T01:18:20.092-03:00 DEBUG 24608 --- [quack] [           main] org.hibernate.SQL                        : 
    insert 
    into
        lesson
        (description, image_path, language, title) 
    values
        (?, ?, ?, ?) 
    returning id
Hibernate: 
    insert 
    into
        lesson
        (description, image_path, language, title) 
    values
        (?, ?, ?, ?) 
    returning id
2024-10-03T01:18:20.124-03:00 DEBUG 24608 --- [quack] [           main] org.hibernate.SQL                        : 
    select
        sm1_0.id,
        sm1_0.description,
        sm1_0.image_path,
        sm1_0.status 
    from
        step sm1_0 
    where
        sm1_0.id=?
Hibernate: 
    select
        sm1_0.id,
        sm1_0.description,
        sm1_0.image_path,
        sm1_0.status 
    from
        step sm1_0 
    where
        sm1_0.id=?
2024-10-03T01:18:20.142-03:00 DEBUG 24608 --- [quack] [           main] org.hibernate.SQL                        : 
    select
        sm1_0.id,
        sm1_0.description,
        sm1_0.image_path,
        sm1_0.status 
    from
        step sm1_0 
    where
        sm1_0.id=?
Hibernate: 
    select
        sm1_0.id,
        sm1_0.description,
        sm1_0.image_path,
        sm1_0.status 
    from
        step sm1_0 
    where
        sm1_0.id=?
2024-10-03T01:18:20.145-03:00 DEBUG 24608 --- [quack] [           main] org.hibernate.SQL                        : 
    select
        sm1_0.id,
        sm1_0.description,
        sm1_0.image_path,
        sm1_0.status 
    from
        step sm1_0 
    where
        sm1_0.id=?
Hibernate: 
    select
        sm1_0.id,
        sm1_0.description,
        sm1_0.image_path,
        sm1_0.status 
    from
        step sm1_0 
    where
        sm1_0.id=?
2024-10-03T01:18:20.148-03:00 DEBUG 24608 --- [quack] [           main] org.hibernate.SQL                        : 
    select
        sm1_0.id,
        sm1_0.description,
        sm1_0.image_path,
        sm1_0.status 
    from
        step sm1_0 
    where
        sm1_0.id=?
Hibernate: 
    select
        sm1_0.id,
        sm1_0.description,
        sm1_0.image_path,
        sm1_0.status 
    from
        step sm1_0 
    where
        sm1_0.id=?
2024-10-03T01:18:20.150-03:00 DEBUG 24608 --- [quack] [           main] org.hibernate.SQL                        : 
    select
        sm1_0.id,
        sm1_0.description,
        sm1_0.image_path,
        sm1_0.status 
    from
        step sm1_0 
    where
        sm1_0.id=?
Hibernate: 
    select
        sm1_0.id,
        sm1_0.description,
        sm1_0.image_path,
        sm1_0.status 
    from
        step sm1_0 
    where
        sm1_0.id=?
2024-10-03T01:18:20.152-03:00 DEBUG 24608 --- [quack] [           main] org.hibernate.SQL                        : 
    select
        sm1_0.id,
        sm1_0.description,
        sm1_0.image_path,
        sm1_0.status 
    from
        step sm1_0 
    where
        sm1_0.id=?
Hibernate: 
    select
        sm1_0.id,
        sm1_0.description,
        sm1_0.image_path,
        sm1_0.status 
    from
        step sm1_0 
    where
        sm1_0.id=?
2024-10-03T01:18:20.155-03:00 DEBUG 24608 --- [quack] [           main] org.hibernate.SQL                        : 
    select
        sm1_0.id,
        sm1_0.description,
        sm1_0.image_path,
        sm1_0.status 
    from
        step sm1_0 
    where
        sm1_0.id=?
Hibernate: 
    select
        sm1_0.id,
        sm1_0.description,
        sm1_0.image_path,
        sm1_0.status 
    from
        step sm1_0 
    where
        sm1_0.id=?
2024-10-03T01:18:20.158-03:00 DEBUG 24608 --- [quack] [           main] org.hibernate.SQL                        : 
    select
        sm1_0.id,
        sm1_0.description,
        sm1_0.image_path,
        sm1_0.status 
    from
        step sm1_0 
    where
        sm1_0.id=?
Hibernate: 
    select
        sm1_0.id,
        sm1_0.description,
        sm1_0.image_path,
        sm1_0.status 
    from
        step sm1_0 
    where
        sm1_0.id=?
2024-10-03T01:18:20.160-03:00 DEBUG 24608 --- [quack] [           main] org.hibernate.SQL                        : 
    select
        sm1_0.id,
        sm1_0.description,
        sm1_0.image_path,
        sm1_0.status 
    from
        step sm1_0 
    where
        sm1_0.id=?
Hibernate: 
    select
        sm1_0.id,
        sm1_0.description,
        sm1_0.image_path,
        sm1_0.status 
    from
        step sm1_0 
    where
        sm1_0.id=?
2024-10-03T01:18:20.163-03:00 DEBUG 24608 --- [quack] [           main] org.hibernate.SQL                        : 
    select
        sm1_0.id,
        sm1_0.description,
        sm1_0.image_path,
        sm1_0.status 
    from
        step sm1_0 
    where
        sm1_0.id=?
Hibernate: 
    select
        sm1_0.id,
        sm1_0.description,
        sm1_0.image_path,
        sm1_0.status 
    from
        step sm1_0 
    where
        sm1_0.id=?
2024-10-03T01:18:20.165-03:00 DEBUG 24608 --- [quack] [           main] org.hibernate.SQL                        : 
    insert 
    into
        task
        (description, image_path) 
    values
        (?, ?) 
    returning id
Hibernate: 
    insert 
    into
        task
        (description, image_path) 
    values
        (?, ?) 
    returning id
2024-10-03T01:18:20.177-03:00 DEBUG 24608 --- [quack] [           main] org.hibernate.SQL                        : 
    select
        sm1_0.id,
        sm1_0.description,
        sm1_0.image_path,
        sm1_0.status 
    from
        step sm1_0 
    where
        sm1_0.id=?
Hibernate: 
    select
        sm1_0.id,
        sm1_0.description,
        sm1_0.image_path,
        sm1_0.status 
    from
        step sm1_0 
    where
        sm1_0.id=?
2024-10-03T01:18:20.179-03:00 DEBUG 24608 --- [quack] [           main] org.hibernate.SQL                        : 
    select
        sm1_0.id,
        sm1_0.description,
        sm1_0.image_path,
        sm1_0.status 
    from
        step sm1_0 
    where
        sm1_0.id=?
Hibernate: 
    select
        sm1_0.id,
        sm1_0.description,
        sm1_0.image_path,
        sm1_0.status 
    from
        step sm1_0 
    where
        sm1_0.id=?
2024-10-03T01:18:20.182-03:00 DEBUG 24608 --- [quack] [           main] org.hibernate.SQL                        : 
    select
        sm1_0.id,
        sm1_0.description,
        sm1_0.image_path,
        sm1_0.status 
    from
        step sm1_0 
    where
        sm1_0.id=?
Hibernate: 
    select
        sm1_0.id,
        sm1_0.description,
        sm1_0.image_path,
        sm1_0.status 
    from
        step sm1_0 
    where
        sm1_0.id=?
2024-10-03T01:18:20.185-03:00 DEBUG 24608 --- [quack] [           main] org.hibernate.SQL                        : 
    select
        sm1_0.id,
        sm1_0.description,
        sm1_0.image_path,
        sm1_0.status 
    from
        step sm1_0 
    where
        sm1_0.id=?
Hibernate: 
    select
        sm1_0.id,
        sm1_0.description,
        sm1_0.image_path,
        sm1_0.status 
    from
        step sm1_0 
    where
        sm1_0.id=?
2024-10-03T01:18:20.187-03:00 DEBUG 24608 --- [quack] [           main] org.hibernate.SQL                        : 
    select
        sm1_0.id,
        sm1_0.description,
        sm1_0.image_path,
        sm1_0.status 
    from
        step sm1_0 
    where
        sm1_0.id=?
Hibernate: 
    select
        sm1_0.id,
        sm1_0.description,
        sm1_0.image_path,
        sm1_0.status 
    from
        step sm1_0 
    where
        sm1_0.id=?
2024-10-03T01:18:20.189-03:00 DEBUG 24608 --- [quack] [           main] org.hibernate.SQL                        : 
    select
        sm1_0.id,
        sm1_0.description,
        sm1_0.image_path,
        sm1_0.status 
    from
        step sm1_0 
    where
        sm1_0.id=?
Hibernate: 
    select
        sm1_0.id,
        sm1_0.description,
        sm1_0.image_path,
        sm1_0.status 
    from
        step sm1_0 
    where
        sm1_0.id=?
2024-10-03T01:18:20.191-03:00 DEBUG 24608 --- [quack] [           main] org.hibernate.SQL                        : 
    select
        sm1_0.id,
        sm1_0.description,
        sm1_0.image_path,
        sm1_0.status 
    from
        step sm1_0 
    where
        sm1_0.id=?
Hibernate: 
    select
        sm1_0.id,
        sm1_0.description,
        sm1_0.image_path,
        sm1_0.status 
    from
        step sm1_0 
    where
        sm1_0.id=?
2024-10-03T01:18:20.193-03:00 DEBUG 24608 --- [quack] [           main] org.hibernate.SQL                        : 
    select
        sm1_0.id,
        sm1_0.description,
        sm1_0.image_path,
        sm1_0.status 
    from
        step sm1_0 
    where
        sm1_0.id=?
Hibernate: 
    select
        sm1_0.id,
        sm1_0.description,
        sm1_0.image_path,
        sm1_0.status 
    from
        step sm1_0 
    where
        sm1_0.id=?
2024-10-03T01:18:20.195-03:00 DEBUG 24608 --- [quack] [           main] org.hibernate.SQL                        : 
    select
        sm1_0.id,
        sm1_0.description,
        sm1_0.image_path,
        sm1_0.status 
    from
        step sm1_0 
    where
        sm1_0.id=?
Hibernate: 
    select
        sm1_0.id,
        sm1_0.description,
        sm1_0.image_path,
        sm1_0.status 
    from
        step sm1_0 
    where
        sm1_0.id=?
2024-10-03T01:18:20.196-03:00 DEBUG 24608 --- [quack] [           main] org.hibernate.SQL                        : 
    select
        sm1_0.id,
        sm1_0.description,
        sm1_0.image_path,
        sm1_0.status 
    from
        step sm1_0 
    where
        sm1_0.id=?
Hibernate: 
    select
        sm1_0.id,
        sm1_0.description,
        sm1_0.image_path,
        sm1_0.status 
    from
        step sm1_0 
    where
        sm1_0.id=?
2024-10-03T01:18:20.197-03:00 DEBUG 24608 --- [quack] [           main] org.hibernate.SQL                        : 
    insert 
    into
        task
        (description, image_path) 
    values
        (?, ?) 
    returning id
Hibernate: 
    insert 
    into
        task
        (description, image_path) 
    values
        (?, ?) 
    returning id
2024-10-03T01:18:20.203-03:00 DEBUG 24608 --- [quack] [           main] org.hibernate.SQL                        : 
    insert 
    into
        step
        (description, image_path, status) 
    values
        (?, ?, ?) 
    returning id
Hibernate: 
    insert 
    into
        step
        (description, image_path, status) 
    values
        (?, ?, ?) 
    returning id
2024-10-03T01:18:20.205-03:00 DEBUG 24608 --- [quack] [           main] org.hibernate.SQL                        : 
    insert 
    into
        step
        (description, image_path, status) 
    values
        (?, ?, ?) 
    returning id
Hibernate: 
    insert 
    into
        step
        (description, image_path, status) 
    values
        (?, ?, ?) 
    returning id
2024-10-03T01:18:20.211-03:00 DEBUG 24608 --- [quack] [           main] org.hibernate.SQL                        : 
    select
        um1_0.id,
        um1_0.born_at,
        um1_0.cpf,
        um1_0.email,
        um1_0.image_path,
        um1_0.name,
        um1_0.password,
        um1_0.phone,
        um1_0.points,
        um1_0.register_at,
        um1_0.status,
        ua1_0.user_id,
        ua1_0.id,
        ua1_0.achievement_id,
        a1_0.id,
        a1_0.description,
        a1_0.image_path,
        a1_0.name,
        ua1_0.earned_at,
        um1_0.username 
    from
        app_user um1_0 
    left join
        user_achievement ua1_0 
            on um1_0.id=ua1_0.user_id 
    left join
        achievement a1_0 
            on a1_0.id=ua1_0.achievement_id 
    where
        um1_0.id=?
Hibernate: 
    select
        um1_0.id,
        um1_0.born_at,
        um1_0.cpf,
        um1_0.email,
        um1_0.image_path,
        um1_0.name,
        um1_0.password,
        um1_0.phone,
        um1_0.points,
        um1_0.register_at,
        um1_0.status,
        ua1_0.user_id,
        ua1_0.id,
        ua1_0.achievement_id,
        a1_0.id,
        a1_0.description,
        a1_0.image_path,
        a1_0.name,
        ua1_0.earned_at,
        um1_0.username 
    from
        app_user um1_0 
    left join
        user_achievement ua1_0 
            on um1_0.id=ua1_0.user_id 
    left join
        achievement a1_0 
            on a1_0.id=ua1_0.achievement_id 
    where
        um1_0.id=?
2024-10-03T01:18:20.219-03:00 DEBUG 24608 --- [quack] [           main] org.hibernate.SQL                        : 
    insert 
    into
        address
        (city, country, number, state, status, street, user_id, zip_code) 
    values
        (?, ?, ?, ?, ?, ?, ?, ?) 
    returning id
Hibernate: 
    insert 
    into
        address
        (city, country, number, state, status, street, user_id, zip_code) 
    values
        (?, ?, ?, ?, ?, ?, ?, ?) 
    returning id
2024-10-03T01:18:20.224-03:00 DEBUG 24608 --- [quack] [           main] org.hibernate.SQL                        : 
    insert 
    into
        statistic
        (best_streak, challenges_completed, roadmaps_completed_count, streak_days, user_id, experience, level) 
    values
        (?, ?, ?, ?, ?, ?, ?) 
    returning id
Hibernate: 
    insert 
    into
        statistic
        (best_streak, challenges_completed, roadmaps_completed_count, streak_days, user_id, experience, level) 
    values
        (?, ?, ?, ?, ?, ?, ?) 
    returning id
2024-10-03T01:18:20.227-03:00 DEBUG 24608 --- [quack] [           main] org.hibernate.SQL                        : 
    select
        um1_0.id,
        um1_0.born_at,
        um1_0.cpf,
        um1_0.email,
        um1_0.image_path,
        um1_0.name,
        um1_0.password,
        um1_0.phone,
        um1_0.points,
        um1_0.register_at,
        um1_0.status,
        ua1_0.user_id,
        ua1_0.id,
        ua1_0.achievement_id,
        a1_0.id,
        a1_0.description,
        a1_0.image_path,
        a1_0.name,
        ua1_0.earned_at,
        um1_0.username 
    from
        app_user um1_0 
    left join
        user_achievement ua1_0 
            on um1_0.id=ua1_0.user_id 
    left join
        achievement a1_0 
            on a1_0.id=ua1_0.achievement_id 
    where
        um1_0.id=?
Hibernate: 
    select
        um1_0.id,
        um1_0.born_at,
        um1_0.cpf,
        um1_0.email,
        um1_0.image_path,
        um1_0.name,
        um1_0.password,
        um1_0.phone,
        um1_0.points,
        um1_0.register_at,
        um1_0.status,
        ua1_0.user_id,
        ua1_0.id,
        ua1_0.achievement_id,
        a1_0.id,
        a1_0.description,
        a1_0.image_path,
        a1_0.name,
        ua1_0.earned_at,
        um1_0.username 
    from
        app_user um1_0 
    left join
        user_achievement ua1_0 
            on um1_0.id=ua1_0.user_id 
    left join
        achievement a1_0 
            on a1_0.id=ua1_0.achievement_id 
    where
        um1_0.id=?
2024-10-03T01:18:20.231-03:00 DEBUG 24608 --- [quack] [           main] org.hibernate.SQL                        : 
    insert 
    into
        address
        (city, country, number, state, status, street, user_id, zip_code) 
    values
        (?, ?, ?, ?, ?, ?, ?, ?) 
    returning id
Hibernate: 
    insert 
    into
        address
        (city, country, number, state, status, street, user_id, zip_code) 
    values
        (?, ?, ?, ?, ?, ?, ?, ?) 
    returning id
2024-10-03T01:18:20.234-03:00 DEBUG 24608 --- [quack] [           main] org.hibernate.SQL                        : 
    insert 
    into
        statistic
        (best_streak, challenges_completed, roadmaps_completed_count, streak_days, user_id, experience, level) 
    values
        (?, ?, ?, ?, ?, ?, ?) 
    returning id
Hibernate: 
    insert 
    into
        statistic
        (best_streak, challenges_completed, roadmaps_completed_count, streak_days, user_id, experience, level) 
    values
        (?, ?, ?, ?, ?, ?, ?) 
    returning id
All fake data generated successfully.
]]></system-out>
    <system-err><![CDATA[WARNING: A Java agent has been loaded dynamically (C:\Users\José Henrique\.m2\repository\net\bytebuddy\byte-buddy-agent\1.14.19\byte-buddy-agent-1.14.19.jar)
WARNING: If a serviceability tool is in use, please run with -XX:+EnableDynamicAgentLoading to hide this warning
WARNING: If a serviceability tool is not in use, please run with -Djdk.instrument.traceUsage for more information
WARNING: Dynamic loading of agents will be disallowed by default in a future release
]]></system-err>
  </testcase>
</testsuite>